<?xml version="1.0" encoding="UTF-8"?>
<testsuite xmlns:xsi="http://www.w3.org/2001/XMLSchema-instance" xsi:noNamespaceSchemaLocation="https://maven.apache.org/surefire/maven-surefire-plugin/xsd/surefire-test-report-3.0.xsd" version="3.0" name="com.irs.taxapp.service.Form8843ServiceTest" time="0.212" tests="2" errors="0" skipped="0" failures="0">
  <properties>
[...]
</properties>
  <testcase name="testFieldWriting" classname="com.irs.taxapp.service.Form8843ServiceTest" time="0.184">
    <system-out><![CDATA[Standard Commons Logging discovery in action with spring-jcl: please remove commons-logging.jar from classpath in order to avoid potential conflicts
Test field not found!
]]></system-out>
  </testcase>
  <testcase name="listAllPDFFields" classname="com.irs.taxapp.service.Form8843ServiceTest" time="0.018">
    <system-out><![CDATA[=== PDF Form Fields ===
Field Name: topmostSubform[0]
Field Type: PDNonTerminalField
Current Value: 
-------------------
Total fields found: 1
]]></system-out>
  </testcase>
</testsuite>